Determining if the pthread_create exist failed with the following output:
Change Dir: /home/odroid/Documents/AutonomousFlight/apriltags_ws/build/CMakeFiles/CMakeTmp

Run Build Command:/usr/bin/make "cmTryCompileExec2217564427/fast"
/usr/bin/make -f CMakeFiles/cmTryCompileExec2217564427.dir/build.make CMakeFiles/cmTryCompileExec2217564427.dir/build
make[1]: Entering directory `/home/odroid/Documents/AutonomousFlight/apriltags_ws/build/CMakeFiles/CMakeTmp'
/usr/bin/cmake -E cmake_progress_report /home/odroid/Documents/AutonomousFlight/apriltags_ws/build/CMakeFiles/CMakeTmp/CMakeFiles 1
Building C object CMakeFiles/cmTryCompileExec2217564427.dir/CheckSymbolExists.c.o
/usr/bin/cc    -o CMakeFiles/cmTryCompileExec2217564427.dir/CheckSymbolExists.c.o   -c /home/odroid/Documents/AutonomousFlight/apriltags_ws/build/CMakeFiles/CMakeTmp/CheckSymbolExists.c
Linking C executable cmTryCompileExec2217564427
/usr/bin/cmake -E cmake_link_script CMakeFiles/cmTryCompileExec2217564427.dir/link.txt --verbose=1
/usr/bin/cc       CMakeFiles/cmTryCompileExec2217564427.dir/CheckSymbolExists.c.o  -o cmTryCompileExec2217564427 -rdynamic 
CMakeFiles/cmTryCompileExec2217564427.dir/CheckSymbolExists.c.o: In function `main':
CheckSymbolExists.c:(.text+0xe): undefined reference to `pthread_create'
CheckSymbolExists.c:(.text+0x12): undefined reference to `pthread_create'
collect2: error: ld returned 1 exit status
make[1]: *** [cmTryCompileExec2217564427] Error 1
make[1]: Leaving directory `/home/odroid/Documents/AutonomousFlight/apriltags_ws/build/CMakeFiles/CMakeTmp'
make: *** [cmTryCompileExec2217564427/fast] Error 2

File /home/odroid/Documents/AutonomousFlight/apriltags_ws/build/CMakeFiles/CMakeTmp/CheckSymbolExists.c:
/* */
#include <pthread.h>

int main(int argc, char** argv)
{
  (void)argv;
#ifndef pthread_create
  return ((int*)(&pthread_create))[argc];
#else
  (void)argc;
  return 0;
#endif
}

Determining if the function pthread_create exists in the pthreads failed with the following output:
Change Dir: /home/odroid/Documents/AutonomousFlight/apriltags_ws/build/CMakeFiles/CMakeTmp

Run Build Command:/usr/bin/make "cmTryCompileExec3051646005/fast"
/usr/bin/make -f CMakeFiles/cmTryCompileExec3051646005.dir/build.make CMakeFiles/cmTryCompileExec3051646005.dir/build
make[1]: Entering directory `/home/odroid/Documents/AutonomousFlight/apriltags_ws/build/CMakeFiles/CMakeTmp'
/usr/bin/cmake -E cmake_progress_report /home/odroid/Documents/AutonomousFlight/apriltags_ws/build/CMakeFiles/CMakeTmp/CMakeFiles 1
Building C object CMakeFiles/cmTryCompileExec3051646005.dir/CheckFunctionExists.c.o
/usr/bin/cc   -DCHECK_FUNCTION_EXISTS=pthread_create   -o CMakeFiles/cmTryCompileExec3051646005.dir/CheckFunctionExists.c.o   -c /usr/share/cmake-2.8/Modules/CheckFunctionExists.c
Linking C executable cmTryCompileExec3051646005
/usr/bin/cmake -E cmake_link_script CMakeFiles/cmTryCompileExec3051646005.dir/link.txt --verbose=1
/usr/bin/cc   -DCHECK_FUNCTION_EXISTS=pthread_create    CMakeFiles/cmTryCompileExec3051646005.dir/CheckFunctionExists.c.o  -o cmTryCompileExec3051646005 -rdynamic -lpthreads 
/usr/bin/ld.bfd.real: cannot find -lpthreads
collect2: error: ld returned 1 exit status
make[1]: *** [cmTryCompileExec3051646005] Error 1
make[1]: Leaving directory `/home/odroid/Documents/AutonomousFlight/apriltags_ws/build/CMakeFiles/CMakeTmp'
make: *** [cmTryCompileExec3051646005/fast] Error 2


